<?xml version="1.0" encoding="UTF-8"?>
<!-- Generated by org.testng.reporters.JUnitXMLReporter -->
<testsuite ignored="0" hostname="bhajandevi" failures="1" tests="1" name="Test" time="76.2" errors="0" timestamp="06 Aug 2020 05:01:28 GMT">
  <testcase classname="com.cleartrip.flightTestRunner.FlightSearchTest" name="flightSearchForm" time="54.809">
    <failure type="java.lang.AssertionError" message="Search Test Failed">
      <![CDATA[java.lang.AssertionError: Search Test Failed
at com.cleartrip.flightTestRunner.FlightSearchTest.flightSearchForm(FlightSearchTest.java:22)
... Removed 25 stack frames]]>
    </failure>
  </testcase> <!-- flightSearchForm -->
</testsuite> <!-- Test -->
